[03-Oct-2017 01:01:01 UTC] PHP Parse error:  syntax error, unexpected '$ret' (T_VARIABLE) in /home/ubuntu/workspace/wp-content/themes/twentysixteen-child/functions.php on line 18
[03-Oct-2017 01:01:01 UTC] PHP Stack trace:
[03-Oct-2017 01:01:01 UTC] PHP   1. {main}() /home/ubuntu/workspace/wp-admin/admin-ajax.php:0
[03-Oct-2017 01:01:01 UTC] PHP   2. require_once() /home/ubuntu/workspace/wp-admin/admin-ajax.php:22
[03-Oct-2017 01:01:01 UTC] PHP   3. require_once() /home/ubuntu/workspace/wp-load.php:37
[03-Oct-2017 01:01:01 UTC] PHP   4. require_once() /home/ubuntu/workspace/wp-config.php:92
[03-Oct-2017 01:01:03 UTC] PHP Parse error:  syntax error, unexpected '$ret' (T_VARIABLE) in /home/ubuntu/workspace/wp-content/themes/twentysixteen-child/functions.php on line 18
[03-Oct-2017 01:01:03 UTC] PHP Stack trace:
[03-Oct-2017 01:01:03 UTC] PHP   1. {main}() /home/ubuntu/workspace/wp-admin/post.php:0
[03-Oct-2017 01:01:03 UTC] PHP   2. require_once() /home/ubuntu/workspace/wp-admin/post.php:12
[03-Oct-2017 01:01:03 UTC] PHP   3. require_once() /home/ubuntu/workspace/wp-admin/admin.php:31
[03-Oct-2017 01:01:03 UTC] PHP   4. require_once() /home/ubuntu/workspace/wp-load.php:37
[03-Oct-2017 01:01:03 UTC] PHP   5. require_once() /home/ubuntu/workspace/wp-config.php:92
[03-Oct-2017 01:01:03 UTC] PHP Parse error:  syntax error, unexpected '$ret' (T_VARIABLE) in /home/ubuntu/workspace/wp-content/themes/twentysixteen-child/functions.php on line 18
[03-Oct-2017 01:01:03 UTC] PHP Stack trace:
[03-Oct-2017 01:01:03 UTC] PHP   1. {main}() /home/ubuntu/workspace/wp-admin/admin-ajax.php:0
[03-Oct-2017 01:01:03 UTC] PHP   2. require_once() /home/ubuntu/workspace/wp-admin/admin-ajax.php:22
[03-Oct-2017 01:01:03 UTC] PHP   3. require_once() /home/ubuntu/workspace/wp-load.php:37
[03-Oct-2017 01:01:03 UTC] PHP   4. require_once() /home/ubuntu/workspace/wp-config.php:92
[03-Oct-2017 02:48:22 UTC] PHP Parse error:  syntax error, unexpected 'get_current_user_id' (T_STRING) in /home/ubuntu/workspace/wp-content/themes/twentysixteen-child/functions.php on line 27
[03-Oct-2017 02:48:22 UTC] PHP Stack trace:
[03-Oct-2017 02:48:22 UTC] PHP   1. {main}() /home/ubuntu/workspace/wp-admin/admin-ajax.php:0
[03-Oct-2017 02:48:22 UTC] PHP   2. require_once() /home/ubuntu/workspace/wp-admin/admin-ajax.php:22
[03-Oct-2017 02:48:22 UTC] PHP   3. require_once() /home/ubuntu/workspace/wp-load.php:37
[03-Oct-2017 02:48:22 UTC] PHP   4. require_once() /home/ubuntu/workspace/wp-config.php:92
[03-Oct-2017 02:48:31 UTC] PHP Parse error:  syntax error, unexpected 'get_current_user_id' (T_STRING) in /home/ubuntu/workspace/wp-content/themes/twentysixteen-child/functions.php on line 27
[03-Oct-2017 02:48:31 UTC] PHP Stack trace:
[03-Oct-2017 02:48:31 UTC] PHP   1. {main}() /home/ubuntu/workspace/wp-admin/admin-ajax.php:0
[03-Oct-2017 02:48:31 UTC] PHP   2. require_once() /home/ubuntu/workspace/wp-admin/admin-ajax.php:22
[03-Oct-2017 02:48:31 UTC] PHP   3. require_once() /home/ubuntu/workspace/wp-load.php:37
[03-Oct-2017 02:48:31 UTC] PHP   4. require_once() /home/ubuntu/workspace/wp-config.php:92
[03-Oct-2017 02:48:33 UTC] PHP Parse error:  syntax error, unexpected 'get_current_user_id' (T_STRING) in /home/ubuntu/workspace/wp-content/themes/twentysixteen-child/functions.php on line 27
[03-Oct-2017 02:48:33 UTC] PHP Stack trace:
[03-Oct-2017 02:48:33 UTC] PHP   1. {main}() /home/ubuntu/workspace/wp-admin/post.php:0
[03-Oct-2017 02:48:33 UTC] PHP   2. require_once() /home/ubuntu/workspace/wp-admin/post.php:12
[03-Oct-2017 02:48:33 UTC] PHP   3. require_once() /home/ubuntu/workspace/wp-admin/admin.php:31
[03-Oct-2017 02:48:33 UTC] PHP   4. require_once() /home/ubuntu/workspace/wp-load.php:37
[03-Oct-2017 02:48:33 UTC] PHP   5. require_once() /home/ubuntu/workspace/wp-config.php:92
[03-Oct-2017 02:49:09 UTC] PHP Parse error:  syntax error, unexpected '}' in /home/ubuntu/workspace/wp-content/themes/twentysixteen-child/functions.php on line 34
[03-Oct-2017 02:49:09 UTC] PHP Stack trace:
[03-Oct-2017 02:49:09 UTC] PHP   1. {main}() /home/ubuntu/workspace/wp-admin/post.php:0
[03-Oct-2017 02:49:09 UTC] PHP   2. require_once() /home/ubuntu/workspace/wp-admin/post.php:12
[03-Oct-2017 02:49:09 UTC] PHP   3. require_once() /home/ubuntu/workspace/wp-admin/admin.php:31
[03-Oct-2017 02:49:09 UTC] PHP   4. require_once() /home/ubuntu/workspace/wp-load.php:37
[03-Oct-2017 02:49:09 UTC] PHP   5. require_once() /home/ubuntu/workspace/wp-config.php:92
[03-Oct-2017 03:08:35 UTC] PHP Parse error:  syntax error, unexpected '}' in /home/ubuntu/workspace/wp-content/themes/twentysixteen-child/functions.php on line 44
[03-Oct-2017 03:08:35 UTC] PHP Stack trace:
[03-Oct-2017 03:08:35 UTC] PHP   1. {main}() /home/ubuntu/workspace/wp-admin/admin-ajax.php:0
[03-Oct-2017 03:08:35 UTC] PHP   2. require_once() /home/ubuntu/workspace/wp-admin/admin-ajax.php:22
[03-Oct-2017 03:08:35 UTC] PHP   3. require_once() /home/ubuntu/workspace/wp-load.php:37
[03-Oct-2017 03:08:35 UTC] PHP   4. require_once() /home/ubuntu/workspace/wp-config.php:92
[03-Oct-2017 03:08:49 UTC] PHP Parse error:  syntax error, unexpected '}' in /home/ubuntu/workspace/wp-content/themes/twentysixteen-child/functions.php on line 44
[03-Oct-2017 03:08:49 UTC] PHP Stack trace:
[03-Oct-2017 03:08:49 UTC] PHP   1. {main}() /home/ubuntu/workspace/wp-admin/post.php:0
[03-Oct-2017 03:08:49 UTC] PHP   2. require_once() /home/ubuntu/workspace/wp-admin/post.php:12
[03-Oct-2017 03:08:49 UTC] PHP   3. require_once() /home/ubuntu/workspace/wp-admin/admin.php:31
[03-Oct-2017 03:08:49 UTC] PHP   4. require_once() /home/ubuntu/workspace/wp-load.php:37
[03-Oct-2017 03:08:49 UTC] PHP   5. require_once() /home/ubuntu/workspace/wp-config.php:92
[06-Oct-2017 20:31:00 UTC] PHP Parse error:  syntax error, unexpected '<=' (T_IS_SMALLER_OR_EQUAL) in /home/ubuntu/workspace/wp-content/themes/twentysixteen-child/functions.php on line 212
[06-Oct-2017 20:31:00 UTC] PHP Stack trace:
[06-Oct-2017 20:31:00 UTC] PHP   1. {main}() /home/ubuntu/workspace/wp-admin/admin-ajax.php:0
[06-Oct-2017 20:31:00 UTC] PHP   2. require_once() /home/ubuntu/workspace/wp-admin/admin-ajax.php:22
[06-Oct-2017 20:31:00 UTC] PHP   3. require_once() /home/ubuntu/workspace/wp-load.php:37
[06-Oct-2017 20:31:00 UTC] PHP   4. require_once() /home/ubuntu/workspace/wp-config.php:92
[06-Oct-2017 20:33:00 UTC] PHP Parse error:  syntax error, unexpected '<=' (T_IS_SMALLER_OR_EQUAL) in /home/ubuntu/workspace/wp-content/themes/twentysixteen-child/functions.php on line 212
[06-Oct-2017 20:33:00 UTC] PHP Stack trace:
[06-Oct-2017 20:33:00 UTC] PHP   1. {main}() /home/ubuntu/workspace/wp-admin/admin-ajax.php:0
[06-Oct-2017 20:33:00 UTC] PHP   2. require_once() /home/ubuntu/workspace/wp-admin/admin-ajax.php:22
[06-Oct-2017 20:33:00 UTC] PHP   3. require_once() /home/ubuntu/workspace/wp-load.php:37
[06-Oct-2017 20:33:00 UTC] PHP   4. require_once() /home/ubuntu/workspace/wp-config.php:92
[06-Oct-2017 20:35:01 UTC] PHP Parse error:  syntax error, unexpected '<=' (T_IS_SMALLER_OR_EQUAL) in /home/ubuntu/workspace/wp-content/themes/twentysixteen-child/functions.php on line 212
[06-Oct-2017 20:35:01 UTC] PHP Stack trace:
[06-Oct-2017 20:35:01 UTC] PHP   1. {main}() /home/ubuntu/workspace/wp-admin/admin-ajax.php:0
[06-Oct-2017 20:35:01 UTC] PHP   2. require_once() /home/ubuntu/workspace/wp-admin/admin-ajax.php:22
[06-Oct-2017 20:35:01 UTC] PHP   3. require_once() /home/ubuntu/workspace/wp-load.php:37
[06-Oct-2017 20:35:01 UTC] PHP   4. require_once() /home/ubuntu/workspace/wp-config.php:92
[06-Oct-2017 20:37:02 UTC] PHP Parse error:  syntax error, unexpected '<=' (T_IS_SMALLER_OR_EQUAL) in /home/ubuntu/workspace/wp-content/themes/twentysixteen-child/functions.php on line 212
[06-Oct-2017 20:37:02 UTC] PHP Stack trace:
[06-Oct-2017 20:37:02 UTC] PHP   1. {main}() /home/ubuntu/workspace/wp-admin/admin-ajax.php:0
[06-Oct-2017 20:37:02 UTC] PHP   2. require_once() /home/ubuntu/workspace/wp-admin/admin-ajax.php:22
[06-Oct-2017 20:37:02 UTC] PHP   3. require_once() /home/ubuntu/workspace/wp-load.php:37
[06-Oct-2017 20:37:02 UTC] PHP   4. require_once() /home/ubuntu/workspace/wp-config.php:92
[06-Oct-2017 20:53:00 UTC] PHP Parse error:  syntax error, unexpected '<=' (T_IS_SMALLER_OR_EQUAL) in /home/ubuntu/workspace/wp-content/themes/twentysixteen-child/functions.php on line 212
[06-Oct-2017 20:53:00 UTC] PHP Stack trace:
[06-Oct-2017 20:53:00 UTC] PHP   1. {main}() /home/ubuntu/workspace/wp-admin/admin-ajax.php:0
[06-Oct-2017 20:53:00 UTC] PHP   2. require_once() /home/ubuntu/workspace/wp-admin/admin-ajax.php:22
[06-Oct-2017 20:53:00 UTC] PHP   3. require_once() /home/ubuntu/workspace/wp-load.php:37
[06-Oct-2017 20:53:00 UTC] PHP   4. require_once() /home/ubuntu/workspace/wp-config.php:92
[06-Oct-2017 20:53:31 UTC] PHP Parse error:  syntax error, unexpected '<=' (T_IS_SMALLER_OR_EQUAL) in /home/ubuntu/workspace/wp-content/themes/twentysixteen-child/functions.php on line 212
[06-Oct-2017 20:53:31 UTC] PHP Stack trace:
[06-Oct-2017 20:53:31 UTC] PHP   1. {main}() /home/ubuntu/workspace/wp-admin/admin-ajax.php:0
[06-Oct-2017 20:53:31 UTC] PHP   2. require_once() /home/ubuntu/workspace/wp-admin/admin-ajax.php:22
[06-Oct-2017 20:53:31 UTC] PHP   3. require_once() /home/ubuntu/workspace/wp-load.php:37
[06-Oct-2017 20:53:31 UTC] PHP   4. require_once() /home/ubuntu/workspace/wp-config.php:92
[06-Oct-2017 20:55:32 UTC] PHP Parse error:  syntax error, unexpected '<=' (T_IS_SMALLER_OR_EQUAL) in /home/ubuntu/workspace/wp-content/themes/twentysixteen-child/functions.php on line 212
[06-Oct-2017 20:55:32 UTC] PHP Stack trace:
[06-Oct-2017 20:55:32 UTC] PHP   1. {main}() /home/ubuntu/workspace/wp-admin/admin-ajax.php:0
[06-Oct-2017 20:55:32 UTC] PHP   2. require_once() /home/ubuntu/workspace/wp-admin/admin-ajax.php:22
[06-Oct-2017 20:55:32 UTC] PHP   3. require_once() /home/ubuntu/workspace/wp-load.php:37
[06-Oct-2017 20:55:32 UTC] PHP   4. require_once() /home/ubuntu/workspace/wp-config.php:92
[06-Oct-2017 20:57:33 UTC] PHP Parse error:  syntax error, unexpected '<=' (T_IS_SMALLER_OR_EQUAL) in /home/ubuntu/workspace/wp-content/themes/twentysixteen-child/functions.php on line 212
[06-Oct-2017 20:57:33 UTC] PHP Stack trace:
[06-Oct-2017 20:57:33 UTC] PHP   1. {main}() /home/ubuntu/workspace/wp-admin/admin-ajax.php:0
[06-Oct-2017 20:57:33 UTC] PHP   2. require_once() /home/ubuntu/workspace/wp-admin/admin-ajax.php:22
[06-Oct-2017 20:57:33 UTC] PHP   3. require_once() /home/ubuntu/workspace/wp-load.php:37
[06-Oct-2017 20:57:33 UTC] PHP   4. require_once() /home/ubuntu/workspace/wp-config.php:92
[06-Oct-2017 20:59:34 UTC] PHP Parse error:  syntax error, unexpected '<=' (T_IS_SMALLER_OR_EQUAL) in /home/ubuntu/workspace/wp-content/themes/twentysixteen-child/functions.php on line 212
[06-Oct-2017 20:59:34 UTC] PHP Stack trace:
[06-Oct-2017 20:59:34 UTC] PHP   1. {main}() /home/ubuntu/workspace/wp-admin/admin-ajax.php:0
[06-Oct-2017 20:59:34 UTC] PHP   2. require_once() /home/ubuntu/workspace/wp-admin/admin-ajax.php:22
[06-Oct-2017 20:59:34 UTC] PHP   3. require_once() /home/ubuntu/workspace/wp-load.php:37
[06-Oct-2017 20:59:34 UTC] PHP   4. require_once() /home/ubuntu/workspace/wp-config.php:92
[06-Oct-2017 21:01:35 UTC] PHP Parse error:  syntax error, unexpected '<=' (T_IS_SMALLER_OR_EQUAL) in /home/ubuntu/workspace/wp-content/themes/twentysixteen-child/functions.php on line 212
[06-Oct-2017 21:01:35 UTC] PHP Stack trace:
[06-Oct-2017 21:01:35 UTC] PHP   1. {main}() /home/ubuntu/workspace/wp-admin/admin-ajax.php:0
[06-Oct-2017 21:01:35 UTC] PHP   2. require_once() /home/ubuntu/workspace/wp-admin/admin-ajax.php:22
[06-Oct-2017 21:01:35 UTC] PHP   3. require_once() /home/ubuntu/workspace/wp-load.php:37
[06-Oct-2017 21:01:35 UTC] PHP   4. require_once() /home/ubuntu/workspace/wp-config.php:92
[10-Oct-2017 03:09:50 UTC] PHP Fatal error:  Call to undefined function index_for() in /home/ubuntu/workspace/wp-content/themes/twentysixteen-child/functions.php on line 235
[10-Oct-2017 03:09:50 UTC] PHP Stack trace:
[10-Oct-2017 03:09:50 UTC] PHP   1. {main}() /home/ubuntu/workspace/wp-admin/admin-ajax.php:0
[10-Oct-2017 03:09:50 UTC] PHP   2. require_once() /home/ubuntu/workspace/wp-admin/admin-ajax.php:22
[10-Oct-2017 03:09:50 UTC] PHP   3. require_once() /home/ubuntu/workspace/wp-load.php:37
[10-Oct-2017 03:09:50 UTC] PHP   4. require_once() /home/ubuntu/workspace/wp-config.php:92
[10-Oct-2017 03:09:50 UTC] PHP   5. include() /home/ubuntu/workspace/wp-settings.php:422
[10-Oct-2017 14:50:38 UTC] PHP Parse error:  syntax error, unexpected '' == $field_id) return $field;' (T_CONSTANT_ENCAPSED_STRING) in /home/ubuntu/workspace/wp-content/themes/twentysixteen-child/functions.php on line 51
[10-Oct-2017 14:50:38 UTC] PHP Stack trace:
[10-Oct-2017 14:50:38 UTC] PHP   1. {main}() /home/ubuntu/workspace/wp-admin/admin-ajax.php:0
[10-Oct-2017 14:50:38 UTC] PHP   2. require_once() /home/ubuntu/workspace/wp-admin/admin-ajax.php:22
[10-Oct-2017 14:50:38 UTC] PHP   3. require_once() /home/ubuntu/workspace/wp-load.php:37
[10-Oct-2017 14:50:38 UTC] PHP   4. require_once() /home/ubuntu/workspace/wp-config.php:92
[13-Oct-2017 01:13:57 UTC] PHP Parse error:  syntax error, unexpected ';' in /home/ubuntu/workspace/wp-content/themes/twentysixteen-child/functions.php on line 118
[13-Oct-2017 01:13:57 UTC] PHP Stack trace:
[13-Oct-2017 01:13:57 UTC] PHP   1. {main}() /home/ubuntu/workspace/wp-admin/admin-ajax.php:0
[13-Oct-2017 01:13:57 UTC] PHP   2. require_once() /home/ubuntu/workspace/wp-admin/admin-ajax.php:22
[13-Oct-2017 01:13:57 UTC] PHP   3. require_once() /home/ubuntu/workspace/wp-load.php:37
[13-Oct-2017 01:13:57 UTC] PHP   4. require_once() /home/ubuntu/workspace/wp-config.php:91
[13-Oct-2017 01:48:13 UTC] PHP Parse error:  syntax error, unexpected '"</br>"' (T_CONSTANT_ENCAPSED_STRING) in /home/ubuntu/workspace/wp-content/themes/twentysixteen-child/functions.php on line 200
[13-Oct-2017 01:48:13 UTC] PHP Stack trace:
[13-Oct-2017 01:48:13 UTC] PHP   1. {main}() /home/ubuntu/workspace/wp-admin/admin-ajax.php:0
[13-Oct-2017 01:48:13 UTC] PHP   2. require_once() /home/ubuntu/workspace/wp-admin/admin-ajax.php:22
[13-Oct-2017 01:48:13 UTC] PHP   3. require_once() /home/ubuntu/workspace/wp-load.php:37
[13-Oct-2017 01:48:13 UTC] PHP   4. require_once() /home/ubuntu/workspace/wp-config.php:91
[16-Oct-2017 11:03:32 UTC] PHP Fatal error:  Call to undefined function id_form() in /home/ubuntu/workspace/wp-content/themes/twentysixteen-child/functions.php on line 427
[16-Oct-2017 11:03:32 UTC] PHP Stack trace:
[16-Oct-2017 11:03:32 UTC] PHP   1. {main}() /home/ubuntu/workspace/wp-admin/admin.php:0
[16-Oct-2017 11:03:32 UTC] PHP   2. require_once() /home/ubuntu/workspace/wp-admin/admin.php:31
[16-Oct-2017 11:03:32 UTC] PHP   3. require_once() /home/ubuntu/workspace/wp-load.php:37
[16-Oct-2017 11:03:32 UTC] PHP   4. require_once() /home/ubuntu/workspace/wp-config.php:91
[16-Oct-2017 11:03:32 UTC] PHP   5. include() /home/ubuntu/workspace/wp-settings.php:422
[16-Oct-2017 11:12:14 UTC] PHP Fatal error:  Call to undefined function id_form() in /home/ubuntu/workspace/wp-content/themes/twentysixteen-child/functions.php on line 414
[16-Oct-2017 11:12:14 UTC] PHP Stack trace:
[16-Oct-2017 11:12:14 UTC] PHP   1. {main}() /home/ubuntu/workspace/wp-admin/admin-ajax.php:0
[16-Oct-2017 11:12:14 UTC] PHP   2. require_once() /home/ubuntu/workspace/wp-admin/admin-ajax.php:22
[16-Oct-2017 11:12:14 UTC] PHP   3. require_once() /home/ubuntu/workspace/wp-load.php:37
[16-Oct-2017 11:12:14 UTC] PHP   4. require_once() /home/ubuntu/workspace/wp-config.php:91
[16-Oct-2017 11:12:14 UTC] PHP   5. include() /home/ubuntu/workspace/wp-settings.php:422
[16-Oct-2017 11:12:53 UTC] PHP Fatal error:  Call to undefined function id_form() in /home/ubuntu/workspace/wp-content/themes/twentysixteen-child/functions.php on line 414
[16-Oct-2017 11:12:53 UTC] PHP Stack trace:
[16-Oct-2017 11:12:53 UTC] PHP   1. {main}() /home/ubuntu/workspace/wp-admin/admin-ajax.php:0
[16-Oct-2017 11:12:53 UTC] PHP   2. require_once() /home/ubuntu/workspace/wp-admin/admin-ajax.php:22
[16-Oct-2017 11:12:53 UTC] PHP   3. require_once() /home/ubuntu/workspace/wp-load.php:37
[16-Oct-2017 11:12:53 UTC] PHP   4. require_once() /home/ubuntu/workspace/wp-config.php:91
[16-Oct-2017 11:12:53 UTC] PHP   5. include() /home/ubuntu/workspace/wp-settings.php:422
[16-Oct-2017 11:12:57 UTC] PHP Fatal error:  Call to undefined function id_form() in /home/ubuntu/workspace/wp-content/themes/twentysixteen-child/functions.php on line 414
[16-Oct-2017 11:12:57 UTC] PHP Stack trace:
[16-Oct-2017 11:12:57 UTC] PHP   1. {main}() /home/ubuntu/workspace/wp-admin/admin.php:0
[16-Oct-2017 11:12:57 UTC] PHP   2. require_once() /home/ubuntu/workspace/wp-admin/admin.php:31
[16-Oct-2017 11:12:57 UTC] PHP   3. require_once() /home/ubuntu/workspace/wp-load.php:37
[16-Oct-2017 11:12:57 UTC] PHP   4. require_once() /home/ubuntu/workspace/wp-config.php:91
[16-Oct-2017 11:12:57 UTC] PHP   5. include() /home/ubuntu/workspace/wp-settings.php:422
[16-Oct-2017 11:13:36 UTC] PHP Fatal error:  Call to undefined function id_form() in /home/ubuntu/workspace/wp-content/themes/twentysixteen-child/functions.php on line 401
[16-Oct-2017 11:13:36 UTC] PHP Stack trace:
[16-Oct-2017 11:13:36 UTC] PHP   1. {main}() /home/ubuntu/workspace/wp-admin/admin.php:0
[16-Oct-2017 11:13:36 UTC] PHP   2. require_once() /home/ubuntu/workspace/wp-admin/admin.php:31
[16-Oct-2017 11:13:36 UTC] PHP   3. require_once() /home/ubuntu/workspace/wp-load.php:37
[16-Oct-2017 11:13:36 UTC] PHP   4. require_once() /home/ubuntu/workspace/wp-config.php:91
[16-Oct-2017 11:13:36 UTC] PHP   5. include() /home/ubuntu/workspace/wp-settings.php:422
[16-Oct-2017 11:14:04 UTC] PHP Fatal error:  Call to undefined function id_form() in /home/ubuntu/workspace/wp-content/themes/twentysixteen-child/functions.php on line 401
[16-Oct-2017 11:14:04 UTC] PHP Stack trace:
[16-Oct-2017 11:14:04 UTC] PHP   1. {main}() /home/ubuntu/workspace/wp-admin/admin.php:0
[16-Oct-2017 11:14:04 UTC] PHP   2. require_once() /home/ubuntu/workspace/wp-admin/admin.php:31
[16-Oct-2017 11:14:04 UTC] PHP   3. require_once() /home/ubuntu/workspace/wp-load.php:37
[16-Oct-2017 11:14:04 UTC] PHP   4. require_once() /home/ubuntu/workspace/wp-config.php:91
[16-Oct-2017 11:14:04 UTC] PHP   5. include() /home/ubuntu/workspace/wp-settings.php:422
[16-Oct-2017 12:58:07 UTC] PHP Fatal error:  Call to undefined function id_form() in /home/ubuntu/workspace/wp-content/themes/twentysixteen-child/functions.php on line 401
[16-Oct-2017 12:58:07 UTC] PHP Stack trace:
[16-Oct-2017 12:58:07 UTC] PHP   1. {main}() /home/ubuntu/workspace/wp-admin/admin-ajax.php:0
[16-Oct-2017 12:58:07 UTC] PHP   2. require_once() /home/ubuntu/workspace/wp-admin/admin-ajax.php:22
[16-Oct-2017 12:58:07 UTC] PHP   3. require_once() /home/ubuntu/workspace/wp-load.php:37
[16-Oct-2017 12:58:07 UTC] PHP   4. require_once() /home/ubuntu/workspace/wp-config.php:91
[16-Oct-2017 12:58:07 UTC] PHP   5. include() /home/ubuntu/workspace/wp-settings.php:422
[16-Oct-2017 12:58:16 UTC] PHP Fatal error:  Call to undefined function id_form() in /home/ubuntu/workspace/wp-content/themes/twentysixteen-child/functions.php on line 401
[16-Oct-2017 12:58:16 UTC] PHP Stack trace:
[16-Oct-2017 12:58:16 UTC] PHP   1. {main}() /home/ubuntu/workspace/wp-admin/admin.php:0
[16-Oct-2017 12:58:16 UTC] PHP   2. require_once() /home/ubuntu/workspace/wp-admin/admin.php:31
[16-Oct-2017 12:58:16 UTC] PHP   3. require_once() /home/ubuntu/workspace/wp-load.php:37
[16-Oct-2017 12:58:16 UTC] PHP   4. require_once() /home/ubuntu/workspace/wp-config.php:91
[16-Oct-2017 12:58:16 UTC] PHP   5. include() /home/ubuntu/workspace/wp-settings.php:422
[18-Oct-2017 13:00:02 UTC] PHP Parse error:  syntax error, unexpected '}' in /home/ubuntu/workspace/wp-content/themes/twentysixteen-child/functions.php on line 479
[18-Oct-2017 13:00:02 UTC] PHP Stack trace:
[18-Oct-2017 13:00:02 UTC] PHP   1. {main}() /home/ubuntu/workspace/wp-admin/admin-ajax.php:0
[18-Oct-2017 13:00:02 UTC] PHP   2. require_once() /home/ubuntu/workspace/wp-admin/admin-ajax.php:22
[18-Oct-2017 13:00:02 UTC] PHP   3. require_once() /home/ubuntu/workspace/wp-load.php:37
[18-Oct-2017 13:00:02 UTC] PHP   4. require_once() /home/ubuntu/workspace/wp-config.php:91
[18-Oct-2017 13:00:33 UTC] PHP Parse error:  syntax error, unexpected '}' in /home/ubuntu/workspace/wp-content/themes/twentysixteen-child/functions.php on line 479
[18-Oct-2017 13:00:33 UTC] PHP Stack trace:
[18-Oct-2017 13:00:33 UTC] PHP   1. {main}() /home/ubuntu/workspace/wp-admin/admin-ajax.php:0
[18-Oct-2017 13:00:33 UTC] PHP   2. require_once() /home/ubuntu/workspace/wp-admin/admin-ajax.php:22
[18-Oct-2017 13:00:33 UTC] PHP   3. require_once() /home/ubuntu/workspace/wp-load.php:37
[18-Oct-2017 13:00:33 UTC] PHP   4. require_once() /home/ubuntu/workspace/wp-config.php:91
[18-Oct-2017 13:02:33 UTC] PHP Parse error:  syntax error, unexpected '}' in /home/ubuntu/workspace/wp-content/themes/twentysixteen-child/functions.php on line 479
[18-Oct-2017 13:02:33 UTC] PHP Stack trace:
[18-Oct-2017 13:02:33 UTC] PHP   1. {main}() /home/ubuntu/workspace/wp-admin/admin-ajax.php:0
[18-Oct-2017 13:02:33 UTC] PHP   2. require_once() /home/ubuntu/workspace/wp-admin/admin-ajax.php:22
[18-Oct-2017 13:02:33 UTC] PHP   3. require_once() /home/ubuntu/workspace/wp-load.php:37
[18-Oct-2017 13:02:33 UTC] PHP   4. require_once() /home/ubuntu/workspace/wp-config.php:91
[18-Oct-2017 13:04:34 UTC] PHP Parse error:  syntax error, unexpected '}' in /home/ubuntu/workspace/wp-content/themes/twentysixteen-child/functions.php on line 479
[18-Oct-2017 13:04:34 UTC] PHP Stack trace:
[18-Oct-2017 13:04:34 UTC] PHP   1. {main}() /home/ubuntu/workspace/wp-admin/admin-ajax.php:0
[18-Oct-2017 13:04:34 UTC] PHP   2. require_once() /home/ubuntu/workspace/wp-admin/admin-ajax.php:22
[18-Oct-2017 13:04:34 UTC] PHP   3. require_once() /home/ubuntu/workspace/wp-load.php:37
[18-Oct-2017 13:04:34 UTC] PHP   4. require_once() /home/ubuntu/workspace/wp-config.php:91
[18-Oct-2017 13:06:38 UTC] PHP Parse error:  syntax error, unexpected '}' in /home/ubuntu/workspace/wp-content/themes/twentysixteen-child/functions.php on line 479
[18-Oct-2017 13:06:38 UTC] PHP Stack trace:
[18-Oct-2017 13:06:38 UTC] PHP   1. {main}() /home/ubuntu/workspace/wp-admin/admin-ajax.php:0
[18-Oct-2017 13:06:38 UTC] PHP   2. require_once() /home/ubuntu/workspace/wp-admin/admin-ajax.php:22
[18-Oct-2017 13:06:38 UTC] PHP   3. require_once() /home/ubuntu/workspace/wp-load.php:37
[18-Oct-2017 13:06:38 UTC] PHP   4. require_once() /home/ubuntu/workspace/wp-config.php:91
[18-Oct-2017 13:08:40 UTC] PHP Parse error:  syntax error, unexpected '}' in /home/ubuntu/workspace/wp-content/themes/twentysixteen-child/functions.php on line 479
[18-Oct-2017 13:08:40 UTC] PHP Stack trace:
[18-Oct-2017 13:08:40 UTC] PHP   1. {main}() /home/ubuntu/workspace/wp-admin/admin-ajax.php:0
[18-Oct-2017 13:08:40 UTC] PHP   2. require_once() /home/ubuntu/workspace/wp-admin/admin-ajax.php:22
[18-Oct-2017 13:08:40 UTC] PHP   3. require_once() /home/ubuntu/workspace/wp-load.php:37
[18-Oct-2017 13:08:40 UTC] PHP   4. require_once() /home/ubuntu/workspace/wp-config.php:91
